<?xml version="1.0" encoding="UTF-8"?>
<!-- Generated by org.testng.reporters.JUnitXMLReporter -->
<testsuite ignored="0" hostname="DESKTOP-N6MAURJ" failures="0" tests="13" name="Default test" time="47.557" errors="0" timestamp="2023-04-11T15:44:50 CEST">
  <testcase classname="TestCases.TC_textField" name="validatingTextField" time="1.029"/>
  <testcase classname="TestCases.TC_textField" name="validatingCompanyField" time="0.256"/>
  <testcase classname="TestCases.TC_textField" name="validatingEmailField" time="0.223"/>
  <testcase classname="TestCases.TC_textField" name="validatingNoField" time="0.202"/>
  <testcase classname="TestCases.TC_textField" name="validatingIndustryDropDown" time="1.086"/>
  <testcase classname="TestCases.TC_textField" name="validatingProjectDropDown" time="0.932"/>
  <testcase classname="TestCases.TC_textField" name="validatingProgramDropDown" time="0.958"/>
  <testcase classname="TestCases.TC_textField" name="validatingCheckBox" time="0.139"/>
  <testcase classname="TestCases.TC_textField" name="validatingBudgetDropDown" time="1.58"/>
  <testcase classname="TestCases.TC_textField" name="validatingTimelineDropDown" time="1.592"/>
  <testcase classname="TestCases.TC_textField" name="validatingContentDropDown" time="1.647"/>
  <testcase classname="TestCases.TC_textField" name="validatingApprovalDropDown" time="1.644"/>
  <testcase classname="TestCases.TC_textField" name="validatingMessageField" time="1.459"/>
</testsuite> <!-- Default test -->
